ZooKeeper wake up the animals: 
Henry  Hippo wakeup
Harry  Hippo wakeup
Eaton  Elephant wakeup
Edith  Elephant wakeup
Ross  Rhino wakeup
Rachel  Rhino wakeup
Tom  Tiger wakeup
Taylor  Tiger wakeup
Lora  Lion wakeup
Leon  Lion wakeup
Carl  Cat wakeup
Chris  Cat wakeup
West  Wolf wakeup
Wendy  Wolf wakeup
David  Dog wakeup
Darcy  Dog wakeup
Dolly  Dog wakeup
Dove  Dog wakeup
ZooKeeper roll call the animals: 
Henry  Hippo make noise
Harry  Hippo make noise
Eaton  Elephant make noise
Edith  Elephant make noise
Ross  Rhino make noise
Rachel  Rhino make noise
Tom  Tiger roar
Taylor  Tiger roar
Lora  Lion roar
Leon  Lion roar
Carl  Cat mewmew
Chris  Cat mewmew
West  Wolf bark
Wendy  Wolf bark
David  Dog bark
Darcy  Dog bark
Dolly  Dog bark
Dove  Dog bark
ZooKeeper feed the animals: 
Henry  Hippo eat
Harry  Hippo eat
Eaton  Elephant eat
Edith  Elephant eat
Ross  Rhino eat
Rachel  Rhino eat
Tom  Tiger eat
Taylor  Tiger eat
Lora  Lion eat
Leon  Lion eat
Carl  Cat eat
Chris  Cat eat
West  Wolf eat
Wendy  Wolf eat
David  Dog eat
Darcy  Dog eat
Dolly  Dog eat
Dove  Dog eat
ZooKeeper exercise the animals: 
Henry  Hippo walk
Harry  Hippo walk
Eaton  Elephant roam
Edith  Elephant roam
Ross  Rhino wander
Rachel  Rhino wander
Tom  Tiger run
Taylor  Tiger run
Lora  Lion run
Leon  Lion run
Carl  Cat run
Chris  Cat run
West  Wolf run
Wendy  Wolf run
David  Dog run
Darcy  Dog run
Dolly  Dog run
Dove  Dog run
ZooKeeper shutdown the zoo: 
Henry  Hippo sleep
Harry  Hippo sleep
Eaton  Elephant sleep
Edith  Elephant sleep
Ross  Rhino sleep
Rachel  Rhino sleep
Tom  Tiger sleep
Taylor  Tiger sleep
Lora  Lion sleep
Leon  Lion sleep
Carl  Cat sleep
Chris  Cat sleep
West  Wolf run
Wendy  Wolf run
David  Dog hiss
Darcy  Dog hiss
Dolly  Dog sleep
Dove  Dog run
